<?xml version="1.0" encoding="UTF-8"?>
<!-- Generated by org.testng.reporters.JUnitXMLReporter -->
<<<<<<< HEAD
<testsuite hostname="Bikash" ignored="0" name="Default test" tests="3" failures="0" timestamp="13 Jul 2020 13:09:22 GMT" time="35.596" errors="0">
  <testcase name="amazonSearchTest" time="11.151" classname="com.java.testcase.PriceComparisonTest"/>
  <testcase name="flipkartSearchTest" time="9.309" classname="com.java.testcase.PriceComparisonTest"/>
  <testcase name="priceComparisionTest" time="0.004" classname="com.java.testcase.PriceComparisonTest"/>
</testsuite> <!-- Default test -->
=======
<testsuite ignored="0" hostname="Bikash" failures="0" tests="1" name="Default test" time="1.894" errors="0" timestamp="30 May 2020 16:17:25 GMT">
  <testcase classname="com.java.testcase.BaseClass" name="@BeforeClass setUp" time="1.851">
    <failure type="org.openqa.selenium.SessionNotCreatedException" message="session not created: This version of ChromeDriver only supports Chrome version 79
Build info: version: &amp;apos;4.0.0-alpha-1&amp;apos;, revision: &amp;apos;d1d3728cae&amp;apos;, time: &amp;apos;2019-04-24T13:42:21&amp;apos;
System info: host: &amp;apos;BIKASH&amp;apos;, ip: &amp;apos;192.168.0.8&amp;apos;, os.name: &amp;apos;Windows 10&amp;apos;, os.arch: &amp;apos;amd64&amp;apos;, os.version: &amp;apos;10.0&amp;apos;, java.version: &amp;apos;12.0.1&amp;apos;
Driver info: driver.version: ChromeDriver
remote stacktrace: Backtrace:
	Ordinal0 [0x005DA113+1548563]
	Ordinal0 [0x0055DDA1+1039777]
	Ordinal0 [0x004DE485+517253]
	Ordinal0 [0x0046FD34+64820]
	Ordinal0 [0x0046C61E+50718]
	Ordinal0 [0x0048B797+178071]
	Ordinal0 [0x0048B59D+177565]
	Ordinal0 [0x004895FB+169467]
	Ordinal0 [0x0047160A+71178]
	Ordinal0 [0x00472690+75408]
	Ordinal0 [0x00472629+75305]
	Ordinal0 [0x005771B7+1143223]
	GetHandleVerifier [0x00672B46+507814]
	GetHandleVerifier [0x00672864+507076]
	GetHandleVerifier [0x00679F47+537511]
	GetHandleVerifier [0x00673402+510050]
	Ordinal0 [0x0056F29C+1110684]
	Ordinal0 [0x0057938B+1151883]
	Ordinal0 [0x005794F3+1152243]
	Ordinal0 [0x005783F5+1147893]
	BaseThreadInitThunk [0x75C86359+25]
	RtlGetAppContainerNamedObjectPath [0x773D7C24+228]
	RtlGetAppContainerNamedObjectPath [0x773D7BF4+180]
">
      <![CDATA[org.openqa.selenium.SessionNotCreatedException: session not created: This version of ChromeDriver only supports Chrome version 79
Build info: version: '4.0.0-alpha-1', revision: 'd1d3728cae', time: '2019-04-24T13:42:21'
System info: host: 'BIKASH', ip: '192.168.0.8', os.name: 'Windows 10', os.arch: 'amd64', os.version: '10.0', java.version: '12.0.1'
Driver info: driver.version: ChromeDriver
remote stacktrace: Backtrace:
Ordinal0 [0x005DA113+1548563]
Ordinal0 [0x0055DDA1+1039777]
Ordinal0 [0x004DE485+517253]
Ordinal0 [0x0046FD34+64820]
Ordinal0 [0x0046C61E+50718]
Ordinal0 [0x0048B797+178071]
Ordinal0 [0x0048B59D+177565]
Ordinal0 [0x004895FB+169467]
Ordinal0 [0x0047160A+71178]
Ordinal0 [0x00472690+75408]
Ordinal0 [0x00472629+75305]
Ordinal0 [0x005771B7+1143223]
GetHandleVerifier [0x00672B46+507814]
GetHandleVerifier [0x00672864+507076]
GetHandleVerifier [0x00679F47+537511]
GetHandleVerifier [0x00673402+510050]
Ordinal0 [0x0056F29C+1110684]
Ordinal0 [0x0057938B+1151883]
Ordinal0 [0x005794F3+1152243]
Ordinal0 [0x005783F5+1147893]
BaseThreadInitThunk [0x75C86359+25]
RtlGetAppContainerNamedObjectPath [0x773D7C24+228]
RtlGetAppContainerNamedObjectPath [0x773D7BF4+180]

at java.base/jdk.internal.reflect.NativeConstructorAccessorImpl.newInstance0(Native Method)
at java.base/jdk.internal.reflect.NativeConstructorAccessorImpl.newInstance(NativeConstructorAccessorImpl.java:62)
at java.base/jdk.internal.reflect.DelegatingConstructorAccessorImpl.newInstance(DelegatingConstructorAccessorImpl.java:45)
at java.base/java.lang.reflect.Constructor.newInstanceWithCaller(Constructor.java:500)
at java.base/java.lang.reflect.Constructor.newInstance(Constructor.java:481)
at org.openqa.selenium.remote.W3CHandshakeResponse.lambda$errorHandler$0(W3CHandshakeResponse.java:62)
at org.openqa.selenium.remote.HandshakeResponse.lambda$getResponseFunction$0(HandshakeResponse.java:30)
at org.openqa.selenium.remote.ProtocolHandshake.lambda$createSession$0(ProtocolHandshake.java:126)
at java.base/java.util.stream.ReferencePipeline$3$1.accept(ReferencePipeline.java:195)
at java.base/java.util.Spliterators$ArraySpliterator.tryAdvance(Spliterators.java:958)
at java.base/java.util.stream.ReferencePipeline.forEachWithCancel(ReferencePipeline.java:127)
at java.base/java.util.stream.AbstractPipeline.copyIntoWithCancel(AbstractPipeline.java:502)
at java.base/java.util.stream.AbstractPipeline.copyInto(AbstractPipeline.java:488)
at java.base/java.util.stream.AbstractPipeline.wrapAndCopyInto(AbstractPipeline.java:474)
at java.base/java.util.stream.FindOps$FindOp.evaluateSequential(FindOps.java:150)
at java.base/java.util.stream.AbstractPipeline.evaluate(AbstractPipeline.java:234)
at java.base/java.util.stream.ReferencePipeline.findFirst(ReferencePipeline.java:543)
at org.openqa.selenium.remote.ProtocolHandshake.createSession(ProtocolHandshake.java:128)
at org.openqa.selenium.remote.ProtocolHandshake.createSession(ProtocolHandshake.java:74)
at org.openqa.selenium.remote.HttpCommandExecutor.execute(HttpCommandExecutor.java:139)
at org.openqa.selenium.remote.service.DriverCommandExecutor.execute(DriverCommandExecutor.java:83)
at org.openqa.selenium.remote.RemoteWebDriver.execute(RemoteWebDriver.java:577)
at org.openqa.selenium.remote.RemoteWebDriver.startSession(RemoteWebDriver.java:211)
at org.openqa.selenium.remote.RemoteWebDriver.<init>(RemoteWebDriver.java:131)
at org.openqa.selenium.chrome.ChromeDriver.<init>(ChromeDriver.java:189)
at org.openqa.selenium.chrome.ChromeDriver.<init>(ChromeDriver.java:176)
at org.openqa.selenium.chrome.ChromeDriver.<init>(ChromeDriver.java:131)
at com.java.testcase.BaseClass.setUp(BaseClass.java:24)
at java.base/jdk.internal.reflect.NativeMethodAccessorImpl.invoke0(Native Method)
at java.base/jdk.internal.reflect.NativeMethodAccessorImpl.invoke(NativeMethodAccessorImpl.java:62)
at java.base/jdk.internal.reflect.DelegatingMethodAccessorImpl.invoke(DelegatingMethodAccessorImpl.java:43)
at java.base/java.lang.reflect.Method.invoke(Method.java:567)
at org.testng.internal.MethodInvocationHelper.invokeMethod(MethodInvocationHelper.java:124)
at org.testng.internal.MethodInvocationHelper.invokeMethodConsideringTimeout(MethodInvocationHelper.java:59)
at org.testng.internal.Invoker.invokeConfigurationMethod(Invoker.java:458)
at org.testng.internal.Invoker.invokeConfigurations(Invoker.java:222)
at org.testng.internal.Invoker.invokeConfigurations(Invoker.java:142)
at org.testng.internal.TestMethodWorker.invokeBeforeClassMethods(TestMethodWorker.java:168)
at org.testng.internal.TestMethodWorker.run(TestMethodWorker.java:105)
at org.testng.TestRunner.privateRun(TestRunner.java:648)
at org.testng.TestRunner.run(TestRunner.java:505)
at org.testng.SuiteRunner.runTest(SuiteRunner.java:455)
at org.testng.SuiteRunner.runSequentially(SuiteRunner.java:450)
at org.testng.SuiteRunner.privateRun(SuiteRunner.java:415)
at org.testng.SuiteRunner.run(SuiteRunner.java:364)
at org.testng.SuiteRunnerWorker.runSuite(SuiteRunnerWorker.java:52)
at org.testng.SuiteRunnerWorker.run(SuiteRunnerWorker.java:84)
at org.testng.TestNG.runSuitesSequentially(TestNG.java:1208)
at org.testng.TestNG.runSuitesLocally(TestNG.java:1137)
at org.testng.TestNG.runSuites(TestNG.java:1049)
at org.testng.TestNG.run(TestNG.java:1017)
at org.testng.remote.AbstractRemoteTestNG.run(AbstractRemoteTestNG.java:115)
at org.testng.remote.RemoteTestNG.initAndRun(RemoteTestNG.java:251)
at org.testng.remote.RemoteTestNG.main(RemoteTestNG.java:77)
]]>
    </failure>
  </testcase> <!-- @BeforeClass setUp -->
  <testcase classname="com.java.testcase.BaseClass" name="@AfterClass tearDown" time="0.0">
    <skipped/>
  </testcase> <!-- @AfterClass tearDown -->
  <testcase classname="com.java.testcase.TripAdvisorTest" name="tripSearchTest" time="0.0">
    <skipped/>
  </testcase> <!-- tripSearchTest -->
</testsuite> <!-- Default test -->
>>>>>>> 1df84151daf40b9f078a060d0531ce83581c7485
