<?xml version="1.0" encoding="UTF-8"?>
<<<<<<< HEAD
<testng-results skipped="0" failed="0" ignored="0" total="3" passed="3">
  <reporter-output>
  </reporter-output>
  <suite name="Default suite" duration-ms="35596" started-at="2020-07-13T13:08:46Z" finished-at="2020-07-13T13:09:22Z">
    <groups>
    </groups>
    <test name="Default test" duration-ms="35596" started-at="2020-07-13T13:08:46Z" finished-at="2020-07-13T13:09:22Z">
      <class name="com.java.testcase.PriceComparisonTest">
        <test-method status="PASS" signature="setUp()[pri:0, instance:com.java.testcase.PriceComparisonTest@28d25987]" name="setUp" is-config="true" duration-ms="14230" started-at="2020-07-13T13:08:46Z" finished-at="2020-07-13T13:09:01Z">
          <reporter-output>
          </reporter-output>
        </test-method> <!-- setUp -->
        <test-method status="PASS" signature="amazonSearchTest()[pri:1, instance:com.java.testcase.PriceComparisonTest@28d25987]" name="amazonSearchTest" duration-ms="11151" started-at="2020-07-13T13:09:01Z" finished-at="2020-07-13T13:09:12Z">
          <reporter-output>
          </reporter-output>
        </test-method> <!-- amazonSearchTest -->
        <test-method status="PASS" signature="flipkartSearchTest()[pri:2, instance:com.java.testcase.PriceComparisonTest@28d25987]" name="flipkartSearchTest" duration-ms="9309" started-at="2020-07-13T13:09:12Z" finished-at="2020-07-13T13:09:21Z">
          <reporter-output>
          </reporter-output>
        </test-method> <!-- flipkartSearchTest -->
        <test-method status="PASS" signature="priceComparisionTest()[pri:3, instance:com.java.testcase.PriceComparisonTest@28d25987]" name="priceComparisionTest" duration-ms="4" started-at="2020-07-13T13:09:21Z" finished-at="2020-07-13T13:09:21Z">
          <reporter-output>
          </reporter-output>
        </test-method> <!-- priceComparisionTest -->
        <test-method status="PASS" signature="tearDown()[pri:0, instance:com.java.testcase.PriceComparisonTest@28d25987]" name="tearDown" is-config="true" duration-ms="837" started-at="2020-07-13T13:09:21Z" finished-at="2020-07-13T13:09:22Z">
          <reporter-output>
          </reporter-output>
        </test-method> <!-- tearDown -->
      </class> <!-- com.java.testcase.PriceComparisonTest -->
=======
<testng-results ignored="0" total="1" passed="0" failed="0" skipped="1">
  <reporter-output>
  </reporter-output>
  <suite started-at="2020-05-30T16:17:23Z" name="Default suite" finished-at="2020-05-30T16:17:25Z" duration-ms="1894">
    <groups>
    </groups>
    <test started-at="2020-05-30T16:17:23Z" name="Default test" finished-at="2020-05-30T16:17:25Z" duration-ms="1894">
      <class name="com.java.testcase.TripAdvisorTest">
        <test-method is-config="true" signature="setUp()[pri:0, instance:com.java.testcase.TripAdvisorTest@2b6856dd]" started-at="2020-05-30T16:17:23Z" name="setUp" finished-at="2020-05-30T16:17:25Z" duration-ms="1851" status="FAIL">
          <exception class="org.openqa.selenium.SessionNotCreatedException">
            <message>
              <![CDATA[session not created: This version of ChromeDriver only supports Chrome version 79
Build info: version: '4.0.0-alpha-1', revision: 'd1d3728cae', time: '2019-04-24T13:42:21'
System info: host: 'BIKASH', ip: '192.168.0.8', os.name: 'Windows 10', os.arch: 'amd64', os.version: '10.0', java.version: '12.0.1'
Driver info: driver.version: ChromeDriver
remote stacktrace: Backtrace:
Ordinal0 [0x005DA113+1548563]
Ordinal0 [0x0055DDA1+1039777]
Ordinal0 [0x004DE485+517253]
Ordinal0 [0x0046FD34+64820]
Ordinal0 [0x0046C61E+50718]
Ordinal0 [0x0048B797+178071]
Ordinal0 [0x0048B59D+177565]
Ordinal0 [0x004895FB+169467]
Ordinal0 [0x0047160A+71178]
Ordinal0 [0x00472690+75408]
Ordinal0 [0x00472629+75305]
Ordinal0 [0x005771B7+1143223]
GetHandleVerifier [0x00672B46+507814]
GetHandleVerifier [0x00672864+507076]
GetHandleVerifier [0x00679F47+537511]
GetHandleVerifier [0x00673402+510050]
Ordinal0 [0x0056F29C+1110684]
Ordinal0 [0x0057938B+1151883]
Ordinal0 [0x005794F3+1152243]
Ordinal0 [0x005783F5+1147893]
BaseThreadInitThunk [0x75C86359+25]
RtlGetAppContainerNamedObjectPath [0x773D7C24+228]
RtlGetAppContainerNamedObjectPath [0x773D7BF4+180]
]]>
            </message>
            <full-stacktrace>
              <![CDATA[org.openqa.selenium.SessionNotCreatedException: session not created: This version of ChromeDriver only supports Chrome version 79
Build info: version: '4.0.0-alpha-1', revision: 'd1d3728cae', time: '2019-04-24T13:42:21'
System info: host: 'BIKASH', ip: '192.168.0.8', os.name: 'Windows 10', os.arch: 'amd64', os.version: '10.0', java.version: '12.0.1'
Driver info: driver.version: ChromeDriver
remote stacktrace: Backtrace:
Ordinal0 [0x005DA113+1548563]
Ordinal0 [0x0055DDA1+1039777]
Ordinal0 [0x004DE485+517253]
Ordinal0 [0x0046FD34+64820]
Ordinal0 [0x0046C61E+50718]
Ordinal0 [0x0048B797+178071]
Ordinal0 [0x0048B59D+177565]
Ordinal0 [0x004895FB+169467]
Ordinal0 [0x0047160A+71178]
Ordinal0 [0x00472690+75408]
Ordinal0 [0x00472629+75305]
Ordinal0 [0x005771B7+1143223]
GetHandleVerifier [0x00672B46+507814]
GetHandleVerifier [0x00672864+507076]
GetHandleVerifier [0x00679F47+537511]
GetHandleVerifier [0x00673402+510050]
Ordinal0 [0x0056F29C+1110684]
Ordinal0 [0x0057938B+1151883]
Ordinal0 [0x005794F3+1152243]
Ordinal0 [0x005783F5+1147893]
BaseThreadInitThunk [0x75C86359+25]
RtlGetAppContainerNamedObjectPath [0x773D7C24+228]
RtlGetAppContainerNamedObjectPath [0x773D7BF4+180]

at java.base/jdk.internal.reflect.NativeConstructorAccessorImpl.newInstance0(Native Method)
at java.base/jdk.internal.reflect.NativeConstructorAccessorImpl.newInstance(NativeConstructorAccessorImpl.java:62)
at java.base/jdk.internal.reflect.DelegatingConstructorAccessorImpl.newInstance(DelegatingConstructorAccessorImpl.java:45)
at java.base/java.lang.reflect.Constructor.newInstanceWithCaller(Constructor.java:500)
at java.base/java.lang.reflect.Constructor.newInstance(Constructor.java:481)
at org.openqa.selenium.remote.W3CHandshakeResponse.lambda$errorHandler$0(W3CHandshakeResponse.java:62)
at org.openqa.selenium.remote.HandshakeResponse.lambda$getResponseFunction$0(HandshakeResponse.java:30)
at org.openqa.selenium.remote.ProtocolHandshake.lambda$createSession$0(ProtocolHandshake.java:126)
at java.base/java.util.stream.ReferencePipeline$3$1.accept(ReferencePipeline.java:195)
at java.base/java.util.Spliterators$ArraySpliterator.tryAdvance(Spliterators.java:958)
at java.base/java.util.stream.ReferencePipeline.forEachWithCancel(ReferencePipeline.java:127)
at java.base/java.util.stream.AbstractPipeline.copyIntoWithCancel(AbstractPipeline.java:502)
at java.base/java.util.stream.AbstractPipeline.copyInto(AbstractPipeline.java:488)
at java.base/java.util.stream.AbstractPipeline.wrapAndCopyInto(AbstractPipeline.java:474)
at java.base/java.util.stream.FindOps$FindOp.evaluateSequential(FindOps.java:150)
at java.base/java.util.stream.AbstractPipeline.evaluate(AbstractPipeline.java:234)
at java.base/java.util.stream.ReferencePipeline.findFirst(ReferencePipeline.java:543)
at org.openqa.selenium.remote.ProtocolHandshake.createSession(ProtocolHandshake.java:128)
at org.openqa.selenium.remote.ProtocolHandshake.createSession(ProtocolHandshake.java:74)
at org.openqa.selenium.remote.HttpCommandExecutor.execute(HttpCommandExecutor.java:139)
at org.openqa.selenium.remote.service.DriverCommandExecutor.execute(DriverCommandExecutor.java:83)
at org.openqa.selenium.remote.RemoteWebDriver.execute(RemoteWebDriver.java:577)
at org.openqa.selenium.remote.RemoteWebDriver.startSession(RemoteWebDriver.java:211)
at org.openqa.selenium.remote.RemoteWebDriver.<init>(RemoteWebDriver.java:131)
at org.openqa.selenium.chrome.ChromeDriver.<init>(ChromeDriver.java:189)
at org.openqa.selenium.chrome.ChromeDriver.<init>(ChromeDriver.java:176)
at org.openqa.selenium.chrome.ChromeDriver.<init>(ChromeDriver.java:131)
at com.java.testcase.BaseClass.setUp(BaseClass.java:24)
at java.base/jdk.internal.reflect.NativeMethodAccessorImpl.invoke0(Native Method)
at java.base/jdk.internal.reflect.NativeMethodAccessorImpl.invoke(NativeMethodAccessorImpl.java:62)
at java.base/jdk.internal.reflect.DelegatingMethodAccessorImpl.invoke(DelegatingMethodAccessorImpl.java:43)
at java.base/java.lang.reflect.Method.invoke(Method.java:567)
at org.testng.internal.MethodInvocationHelper.invokeMethod(MethodInvocationHelper.java:124)
at org.testng.internal.MethodInvocationHelper.invokeMethodConsideringTimeout(MethodInvocationHelper.java:59)
at org.testng.internal.Invoker.invokeConfigurationMethod(Invoker.java:458)
at org.testng.internal.Invoker.invokeConfigurations(Invoker.java:222)
at org.testng.internal.Invoker.invokeConfigurations(Invoker.java:142)
at org.testng.internal.TestMethodWorker.invokeBeforeClassMethods(TestMethodWorker.java:168)
at org.testng.internal.TestMethodWorker.run(TestMethodWorker.java:105)
at org.testng.TestRunner.privateRun(TestRunner.java:648)
at org.testng.TestRunner.run(TestRunner.java:505)
at org.testng.SuiteRunner.runTest(SuiteRunner.java:455)
at org.testng.SuiteRunner.runSequentially(SuiteRunner.java:450)
at org.testng.SuiteRunner.privateRun(SuiteRunner.java:415)
at org.testng.SuiteRunner.run(SuiteRunner.java:364)
at org.testng.SuiteRunnerWorker.runSuite(SuiteRunnerWorker.java:52)
at org.testng.SuiteRunnerWorker.run(SuiteRunnerWorker.java:84)
at org.testng.TestNG.runSuitesSequentially(TestNG.java:1208)
at org.testng.TestNG.runSuitesLocally(TestNG.java:1137)
at org.testng.TestNG.runSuites(TestNG.java:1049)
at org.testng.TestNG.run(TestNG.java:1017)
at org.testng.remote.AbstractRemoteTestNG.run(AbstractRemoteTestNG.java:115)
at org.testng.remote.RemoteTestNG.initAndRun(RemoteTestNG.java:251)
at org.testng.remote.RemoteTestNG.main(RemoteTestNG.java:77)
]]>
            </full-stacktrace>
          </exception> <!-- org.openqa.selenium.SessionNotCreatedException -->
          <reporter-output>
          </reporter-output>
        </test-method> <!-- setUp -->
        <test-method signature="tripSearchTest()[pri:0, instance:com.java.testcase.TripAdvisorTest@2b6856dd]" started-at="2020-05-30T16:17:25Z" name="tripSearchTest" finished-at="2020-05-30T16:17:25Z" duration-ms="0" status="SKIP">
          <exception class="org.openqa.selenium.SessionNotCreatedException">
            <message>
              <![CDATA[session not created: This version of ChromeDriver only supports Chrome version 79
Build info: version: '4.0.0-alpha-1', revision: 'd1d3728cae', time: '2019-04-24T13:42:21'
System info: host: 'BIKASH', ip: '192.168.0.8', os.name: 'Windows 10', os.arch: 'amd64', os.version: '10.0', java.version: '12.0.1'
Driver info: driver.version: ChromeDriver
remote stacktrace: Backtrace:
Ordinal0 [0x005DA113+1548563]
Ordinal0 [0x0055DDA1+1039777]
Ordinal0 [0x004DE485+517253]
Ordinal0 [0x0046FD34+64820]
Ordinal0 [0x0046C61E+50718]
Ordinal0 [0x0048B797+178071]
Ordinal0 [0x0048B59D+177565]
Ordinal0 [0x004895FB+169467]
Ordinal0 [0x0047160A+71178]
Ordinal0 [0x00472690+75408]
Ordinal0 [0x00472629+75305]
Ordinal0 [0x005771B7+1143223]
GetHandleVerifier [0x00672B46+507814]
GetHandleVerifier [0x00672864+507076]
GetHandleVerifier [0x00679F47+537511]
GetHandleVerifier [0x00673402+510050]
Ordinal0 [0x0056F29C+1110684]
Ordinal0 [0x0057938B+1151883]
Ordinal0 [0x005794F3+1152243]
Ordinal0 [0x005783F5+1147893]
BaseThreadInitThunk [0x75C86359+25]
RtlGetAppContainerNamedObjectPath [0x773D7C24+228]
RtlGetAppContainerNamedObjectPath [0x773D7BF4+180]
]]>
            </message>
            <full-stacktrace>
              <![CDATA[org.openqa.selenium.SessionNotCreatedException: session not created: This version of ChromeDriver only supports Chrome version 79
Build info: version: '4.0.0-alpha-1', revision: 'd1d3728cae', time: '2019-04-24T13:42:21'
System info: host: 'BIKASH', ip: '192.168.0.8', os.name: 'Windows 10', os.arch: 'amd64', os.version: '10.0', java.version: '12.0.1'
Driver info: driver.version: ChromeDriver
remote stacktrace: Backtrace:
Ordinal0 [0x005DA113+1548563]
Ordinal0 [0x0055DDA1+1039777]
Ordinal0 [0x004DE485+517253]
Ordinal0 [0x0046FD34+64820]
Ordinal0 [0x0046C61E+50718]
Ordinal0 [0x0048B797+178071]
Ordinal0 [0x0048B59D+177565]
Ordinal0 [0x004895FB+169467]
Ordinal0 [0x0047160A+71178]
Ordinal0 [0x00472690+75408]
Ordinal0 [0x00472629+75305]
Ordinal0 [0x005771B7+1143223]
GetHandleVerifier [0x00672B46+507814]
GetHandleVerifier [0x00672864+507076]
GetHandleVerifier [0x00679F47+537511]
GetHandleVerifier [0x00673402+510050]
Ordinal0 [0x0056F29C+1110684]
Ordinal0 [0x0057938B+1151883]
Ordinal0 [0x005794F3+1152243]
Ordinal0 [0x005783F5+1147893]
BaseThreadInitThunk [0x75C86359+25]
RtlGetAppContainerNamedObjectPath [0x773D7C24+228]
RtlGetAppContainerNamedObjectPath [0x773D7BF4+180]

at java.base/jdk.internal.reflect.NativeConstructorAccessorImpl.newInstance0(Native Method)
at java.base/jdk.internal.reflect.NativeConstructorAccessorImpl.newInstance(NativeConstructorAccessorImpl.java:62)
at java.base/jdk.internal.reflect.DelegatingConstructorAccessorImpl.newInstance(DelegatingConstructorAccessorImpl.java:45)
at java.base/java.lang.reflect.Constructor.newInstanceWithCaller(Constructor.java:500)
at java.base/java.lang.reflect.Constructor.newInstance(Constructor.java:481)
at org.openqa.selenium.remote.W3CHandshakeResponse.lambda$errorHandler$0(W3CHandshakeResponse.java:62)
at org.openqa.selenium.remote.HandshakeResponse.lambda$getResponseFunction$0(HandshakeResponse.java:30)
at org.openqa.selenium.remote.ProtocolHandshake.lambda$createSession$0(ProtocolHandshake.java:126)
at java.base/java.util.stream.ReferencePipeline$3$1.accept(ReferencePipeline.java:195)
at java.base/java.util.Spliterators$ArraySpliterator.tryAdvance(Spliterators.java:958)
at java.base/java.util.stream.ReferencePipeline.forEachWithCancel(ReferencePipeline.java:127)
at java.base/java.util.stream.AbstractPipeline.copyIntoWithCancel(AbstractPipeline.java:502)
at java.base/java.util.stream.AbstractPipeline.copyInto(AbstractPipeline.java:488)
at java.base/java.util.stream.AbstractPipeline.wrapAndCopyInto(AbstractPipeline.java:474)
at java.base/java.util.stream.FindOps$FindOp.evaluateSequential(FindOps.java:150)
at java.base/java.util.stream.AbstractPipeline.evaluate(AbstractPipeline.java:234)
at java.base/java.util.stream.ReferencePipeline.findFirst(ReferencePipeline.java:543)
at org.openqa.selenium.remote.ProtocolHandshake.createSession(ProtocolHandshake.java:128)
at org.openqa.selenium.remote.ProtocolHandshake.createSession(ProtocolHandshake.java:74)
at org.openqa.selenium.remote.HttpCommandExecutor.execute(HttpCommandExecutor.java:139)
at org.openqa.selenium.remote.service.DriverCommandExecutor.execute(DriverCommandExecutor.java:83)
at org.openqa.selenium.remote.RemoteWebDriver.execute(RemoteWebDriver.java:577)
at org.openqa.selenium.remote.RemoteWebDriver.startSession(RemoteWebDriver.java:211)
at org.openqa.selenium.remote.RemoteWebDriver.<init>(RemoteWebDriver.java:131)
at org.openqa.selenium.chrome.ChromeDriver.<init>(ChromeDriver.java:189)
at org.openqa.selenium.chrome.ChromeDriver.<init>(ChromeDriver.java:176)
at org.openqa.selenium.chrome.ChromeDriver.<init>(ChromeDriver.java:131)
at com.java.testcase.BaseClass.setUp(BaseClass.java:24)
at java.base/jdk.internal.reflect.NativeMethodAccessorImpl.invoke0(Native Method)
at java.base/jdk.internal.reflect.NativeMethodAccessorImpl.invoke(NativeMethodAccessorImpl.java:62)
at java.base/jdk.internal.reflect.DelegatingMethodAccessorImpl.invoke(DelegatingMethodAccessorImpl.java:43)
at java.base/java.lang.reflect.Method.invoke(Method.java:567)
at org.testng.internal.MethodInvocationHelper.invokeMethod(MethodInvocationHelper.java:124)
at org.testng.internal.MethodInvocationHelper.invokeMethodConsideringTimeout(MethodInvocationHelper.java:59)
at org.testng.internal.Invoker.invokeConfigurationMethod(Invoker.java:458)
at org.testng.internal.Invoker.invokeConfigurations(Invoker.java:222)
at org.testng.internal.Invoker.invokeConfigurations(Invoker.java:142)
at org.testng.internal.TestMethodWorker.invokeBeforeClassMethods(TestMethodWorker.java:168)
at org.testng.internal.TestMethodWorker.run(TestMethodWorker.java:105)
at org.testng.TestRunner.privateRun(TestRunner.java:648)
at org.testng.TestRunner.run(TestRunner.java:505)
at org.testng.SuiteRunner.runTest(SuiteRunner.java:455)
at org.testng.SuiteRunner.runSequentially(SuiteRunner.java:450)
at org.testng.SuiteRunner.privateRun(SuiteRunner.java:415)
at org.testng.SuiteRunner.run(SuiteRunner.java:364)
at org.testng.SuiteRunnerWorker.runSuite(SuiteRunnerWorker.java:52)
at org.testng.SuiteRunnerWorker.run(SuiteRunnerWorker.java:84)
at org.testng.TestNG.runSuitesSequentially(TestNG.java:1208)
at org.testng.TestNG.runSuitesLocally(TestNG.java:1137)
at org.testng.TestNG.runSuites(TestNG.java:1049)
at org.testng.TestNG.run(TestNG.java:1017)
at org.testng.remote.AbstractRemoteTestNG.run(AbstractRemoteTestNG.java:115)
at org.testng.remote.RemoteTestNG.initAndRun(RemoteTestNG.java:251)
at org.testng.remote.RemoteTestNG.main(RemoteTestNG.java:77)
]]>
            </full-stacktrace>
          </exception> <!-- org.openqa.selenium.SessionNotCreatedException -->
          <reporter-output>
          </reporter-output>
        </test-method> <!-- tripSearchTest -->
        <test-method is-config="true" signature="tearDown()[pri:0, instance:com.java.testcase.TripAdvisorTest@2b6856dd]" started-at="2020-05-30T16:17:25Z" name="tearDown" finished-at="2020-05-30T16:17:25Z" duration-ms="0" status="SKIP">
          <reporter-output>
          </reporter-output>
        </test-method> <!-- tearDown -->
      </class> <!-- com.java.testcase.TripAdvisorTest -->
>>>>>>> 1df84151daf40b9f078a060d0531ce83581c7485
    </test> <!-- Default test -->
  </suite> <!-- Default suite -->
</testng-results>
